# JRE version: Java(TM) SE Runtime Environment (8.0_241-b07) (build 1.8.0_241-b07)
# Java VM: Java HotSpot(TM) 64-Bit Server VM (25.241-b07 mixed mode windows-amd64 compressed oops)
Heap:
 PSYoungGen      total 29696K, used 9157K [0x00000000eab00000, 0x00000000edc80000, 0x0000000100000000)
  eden space 24064K, 14% used [0x00000000eab00000,0x00000000eae76120,0x00000000ec280000)
  from space 5632K, 99% used [0x00000000ec300000,0x00000000ec87b610,0x00000000ec880000)
  to   space 13312K, 0% used [0x00000000ecf80000,0x00000000ecf80000,0x00000000edc80000)
 ParOldGen       total 68608K, used 17404K [0x00000000c0000000, 0x00000000c4300000, 0x00000000eab00000)
  object space 68608K, 25% used [0x00000000c0000000,0x00000000c10ff088,0x00000000c4300000)
 Metaspace       used 31463K, capacity 33352K, committed 33536K, reserved 1079296K
  class space    used 3475K, capacity 4067K, committed 4096K, reserved 1048576K
GC Heap History (10 events):
Event: 4.039 GC heap before
{Heap before GC invocations=4 (full 1):
 PSYoungGen      total 29696K, used 4080K [0x00000000eab00000, 0x00000000ecc00000, 0x0000000100000000)
  eden space 25600K, 0% used [0x00000000eab00000,0x00000000eab00000,0x00000000ec400000)
  from space 4096K, 99% used [0x00000000ec400000,0x00000000ec7fc010,0x00000000ec800000)
  to   space 4096K, 0% used [0x00000000ec800000,0x00000000ec800000,0x00000000ecc00000)
 ParOldGen       total 68608K, used 12215K [0x00000000c0000000, 0x00000000c4300000, 0x00000000eab00000)
  object space 68608K, 17% used [0x00000000c0000000,0x00000000c0bede70,0x00000000c4300000)
 Metaspace       used 20032K, capacity 21090K, committed 21296K, reserved 1069056K
  class space    used 2056K, capacity 2405K, committed 2432K, reserved 1048576K
Event: 4.103 GC heap after
Heap after GC invocations=4 (full 1):
 PSYoungGen      total 29696K, used 0K [0x00000000eab00000, 0x00000000ecc00000, 0x0000000100000000)
  eden space 25600K, 0% used [0x00000000eab00000,0x00000000eab00000,0x00000000ec400000)
  from space 4096K, 0% used [0x00000000ec400000,0x00000000ec400000,0x00000000ec800000)
  to   space 4096K, 0% used [0x00000000ec800000,0x00000000ec800000,0x00000000ecc00000)
 ParOldGen       total 68608K, used 9752K [0x00000000c0000000, 0x00000000c4300000, 0x00000000eab00000)
  object space 68608K, 14% used [0x00000000c0000000,0x00000000c0986130,0x00000000c4300000)
 Metaspace       used 20032K, capacity 21090K, committed 21296K, reserved 1069056K
  class space    used 2056K, capacity 2405K, committed 2432K, reserved 1048576K
}
Event: 4.936 GC heap before
{Heap before GC invocations=5 (full 1):
 PSYoungGen      total 29696K, used 25600K [0x00000000eab00000, 0x00000000ecc00000, 0x0000000100000000)
  eden space 25600K, 100% used [0x00000000eab00000,0x00000000ec400000,0x00000000ec400000)
  from space 4096K, 0% used [0x00000000ec400000,0x00000000ec400000,0x00000000ec800000)
  to   space 4096K, 0% used [0x00000000ec800000,0x00000000ec800000,0x00000000ecc00000)
 ParOldGen       total 68608K, used 9752K [0x00000000c0000000, 0x00000000c4300000, 0x00000000eab00000)
  object space 68608K, 14% used [0x00000000c0000000,0x00000000c0986130,0x00000000c4300000)
 Metaspace       used 22919K, capacity 24026K, committed 24320K, reserved 1071104K
  class space    used 2450K, capacity 2805K, committed 2816K, reserved 1048576K
Event: 4.945 GC heap after
Heap after GC invocations=5 (full 1):
 PSYoungGen      total 29696K, used 4084K [0x00000000eab00000, 0x00000000ecc00000, 0x0000000100000000)
  eden space 25600K, 0% used [0x00000000eab00000,0x00000000eab00000,0x00000000ec400000)
  from space 4096K, 99% used [0x00000000ec800000,0x00000000ecbfd348,0x00000000ecc00000)
  to   space 4096K, 0% used [0x00000000ec400000,0x00000000ec400000,0x00000000ec800000)
 ParOldGen       total 68608K, used 9961K [0x00000000c0000000, 0x00000000c4300000, 0x00000000eab00000)
  object space 68608K, 14% used [0x00000000c0000000,0x00000000c09ba5e0,0x00000000c4300000)
 Metaspace       used 22919K, capacity 24026K, committed 24320K, reserved 1071104K
  class space    used 2450K, capacity 2805K, committed 2816K, reserved 1048576K
}
Event: 5.619 GC heap before
{Heap before GC invocations=6 (full 1):
 PSYoungGen      total 29696K, used 29684K [0x00000000eab00000, 0x00000000ecc00000, 0x0000000100000000)
  eden space 25600K, 100% used [0x00000000eab00000,0x00000000ec400000,0x00000000ec400000)
  from space 4096K, 99% used [0x00000000ec800000,0x00000000ecbfd348,0x00000000ecc00000)
  to   space 4096K, 0% used [0x00000000ec400000,0x00000000ec400000,0x00000000ec800000)
 ParOldGen       total 68608K, used 9961K [0x00000000c0000000, 0x00000000c4300000, 0x00000000eab00000)
  object space 68608K, 14% used [0x00000000c0000000,0x00000000c09ba5e0,0x00000000c4300000)
 Metaspace       used 25341K, capacity 26620K, committed 26752K, reserved 1073152K
  class space    used 2782K, capacity 3177K, committed 3200K, reserved 1048576K
Event: 5.628 GC heap after
Heap after GC invocations=6 (full 1):
 PSYoungGen      total 29184K, used 4077K [0x00000000eab00000, 0x00000000ecd80000, 0x0000000100000000)
  eden space 25088K, 0% used [0x00000000eab00000,0x00000000eab00000,0x00000000ec380000)
  from space 4096K, 99% used [0x00000000ec400000,0x00000000ec7fb4a8,0x00000000ec800000)
  to   space 5120K, 0% used [0x00000000ec880000,0x00000000ec880000,0x00000000ecd80000)
 ParOldGen       total 68608K, used 10696K [0x00000000c0000000, 0x00000000c4300000, 0x00000000eab00000)
  object space 68608K, 15% used [0x00000000c0000000,0x00000000c0a722d8,0x00000000c4300000)
 Metaspace       used 25341K, capacity 26620K, committed 26752K, reserved 1073152K
  class space    used 2782K, capacity 3177K, committed 3200K, reserved 1048576K
}
Event: 6.686 GC heap before
{Heap before GC invocations=7 (full 1):
 PSYoungGen      total 29184K, used 29165K [0x00000000eab00000, 0x00000000ecd80000, 0x0000000100000000)
  eden space 25088K, 100% used [0x00000000eab00000,0x00000000ec380000,0x00000000ec380000)
  from space 4096K, 99% used [0x00000000ec400000,0x00000000ec7fb4a8,0x00000000ec800000)
  to   space 5120K, 0% used [0x00000000ec880000,0x00000000ec880000,0x00000000ecd80000)
 ParOldGen       total 68608K, used 10696K [0x00000000c0000000, 0x00000000c4300000, 0x00000000eab00000)
  object space 68608K, 15% used [0x00000000c0000000,0x00000000c0a722d8,0x00000000c4300000)
 Metaspace       used 26686K, capacity 28134K, committed 28416K, reserved 1075200K
  class space    used 2933K, capacity 3460K, committed 3584K, reserved 1048576K
Event: 6.702 GC heap after
Heap after GC invocations=7 (full 1):
 PSYoungGen      total 29696K, used 5107K [0x00000000eab00000, 0x00000000ece00000, 0x0000000100000000)
  eden space 24576K, 0% used [0x00000000eab00000,0x00000000eab00000,0x00000000ec300000)
  from space 5120K, 99% used [0x00000000ec880000,0x00000000ecd7ce48,0x00000000ecd80000)
  to   space 5632K, 0% used [0x00000000ec300000,0x00000000ec300000,0x00000000ec880000)
 ParOldGen       total 68608K, used 10913K [0x00000000c0000000, 0x00000000c4300000, 0x00000000eab00000)
  object space 68608K, 15% used [0x00000000c0000000,0x00000000c0aa87b8,0x00000000c4300000)
 Metaspace       used 26686K, capacity 28134K, committed 28416K, reserved 1075200K
  class space    used 2933K, capacity 3460K, committed 3584K, reserved 1048576K
}
Event: 8.189 GC heap before
{Heap before GC invocations=8 (full 1):
 PSYoungGen      total 29696K, used 29683K [0x00000000eab00000, 0x00000000ece00000, 0x0000000100000000)
  eden space 24576K, 100% used [0x00000000eab00000,0x00000000ec300000,0x00000000ec300000)
  from space 5120K, 99% used [0x00000000ec880000,0x00000000ecd7ce48,0x00000000ecd80000)
  to   space 5632K, 0% used [0x00000000ec300000,0x00000000ec300000,0x00000000ec880000)
 ParOldGen       total 68608K, used 10913K [0x00000000c0000000, 0x00000000c4300000, 0x00000000eab00000)
  object space 68608K, 15% used [0x00000000c0000000,0x00000000c0aa87b8,0x00000000c4300000)
 Metaspace       used 31443K, capacity 33328K, committed 33536K, reserved 1079296K
  class space    used 3470K, capacity 4059K, committed 4096K, reserved 1048576K
Event: 8.213 GC heap after
Heap after GC invocations=8 (full 1):
 PSYoungGen      total 29696K, used 5613K [0x00000000eab00000, 0x00000000edc80000, 0x0000000100000000)
  eden space 24064K, 0% used [0x00000000eab00000,0x00000000eab00000,0x00000000ec280000)
  from space 5632K, 99% used [0x00000000ec300000,0x00000000ec87b610,0x00000000ec880000)
  to   space 13312K, 0% used [0x00000000ecf80000,0x00000000ecf80000,0x00000000edc80000)
 ParOldGen       total 68608K, used 17404K [0x00000000c0000000, 0x00000000c4300000, 0x00000000eab00000)
  object space 68608K, 25% used [0x00000000c0000000,0x00000000c10ff088,0x00000000c4300000)
 Metaspace       used 31443K, capacity 33328K, committed 33536K, reserved 1079296K
  class space    used 3470K, capacity 4059K, committed 4096K, reserved 1048576K
}

