# JRE version: Java(TM) SE Runtime Environment (8.0_241-b07) (build 1.8.0_241-b07)
# Java VM: Java HotSpot(TM) 64-Bit Server VM (25.241-b07 mixed mode windows-amd64 compressed oops)
Heap:
 PSYoungGen      total 132096K, used 38227K [0x00000000f5580000, 0x00000000ffb80000, 0x0000000100000000)
  eden space 94208K, 26% used [0x00000000f5580000,0x00000000f6dc7ea8,0x00000000fb180000)
  from space 37888K, 35% used [0x00000000fb180000,0x00000000fbe8d148,0x00000000fd680000)
  to   space 35840K, 0% used [0x00000000fd880000,0x00000000fd880000,0x00000000ffb80000)
 ParOldGen       total 348672K, used 169149K [0x00000000e0000000, 0x00000000f5480000, 0x00000000f5580000)
  object space 348672K, 48% used [0x00000000e0000000,0x00000000ea52f4b8,0x00000000f5480000)
 Metaspace       used 94760K, capacity 101106K, committed 101248K, reserved 1136640K
  class space    used 12417K, capacity 13610K, committed 13696K, reserved 1048576K
GC Heap History (10 events):
Event: 724.397 GC heap before
{Heap before GC invocations=39 (full 4):
 PSYoungGen      total 128000K, used 105028K [0x00000000f5580000, 0x00000000ffe00000, 0x0000000100000000)
  eden space 83968K, 100% used [0x00000000f5580000,0x00000000fa780000,0x00000000fa780000)
  from space 44032K, 47% used [0x00000000fd280000,0x00000000fe711188,0x00000000ffd80000)
  to   space 44032K, 0% used [0x00000000fa780000,0x00000000fa780000,0x00000000fd280000)
 ParOldGen       total 348672K, used 126036K [0x00000000e0000000, 0x00000000f5480000, 0x00000000f5580000)
  object space 348672K, 36% used [0x00000000e0000000,0x00000000e7b152d8,0x00000000f5480000)
 Metaspace       used 94124K, capacity 100354K, committed 100608K, reserved 1136640K
  class space    used 12368K, capacity 13552K, committed 13568K, reserved 1048576K
Event: 724.440 GC heap after
Heap after GC invocations=39 (full 4):
 PSYoungGen      total 128000K, used 2224K [0x00000000f5580000, 0x00000000ffe00000, 0x0000000100000000)
  eden space 83968K, 0% used [0x00000000f5580000,0x00000000f5580000,0x00000000fa780000)
  from space 44032K, 5% used [0x00000000fa780000,0x00000000fa9ac010,0x00000000fd280000)
  to   space 43008K, 0% used [0x00000000fd400000,0x00000000fd400000,0x00000000ffe00000)
 ParOldGen       total 348672K, used 146193K [0x00000000e0000000, 0x00000000f5480000, 0x00000000f5580000)
  object space 348672K, 41% used [0x00000000e0000000,0x00000000e8ec4490,0x00000000f5480000)
 Metaspace       used 94124K, capacity 100354K, committed 100608K, reserved 1136640K
  class space    used 12368K, capacity 13552K, committed 13568K, reserved 1048576K
}
Event: 767.356 GC heap before
{Heap before GC invocations=40 (full 4):
 PSYoungGen      total 128000K, used 86192K [0x00000000f5580000, 0x00000000ffe00000, 0x0000000100000000)
  eden space 83968K, 100% used [0x00000000f5580000,0x00000000fa780000,0x00000000fa780000)
  from space 44032K, 5% used [0x00000000fa780000,0x00000000fa9ac010,0x00000000fd280000)
  to   space 43008K, 0% used [0x00000000fd400000,0x00000000fd400000,0x00000000ffe00000)
 ParOldGen       total 348672K, used 146193K [0x00000000e0000000, 0x00000000f5480000, 0x00000000f5580000)
  object space 348672K, 41% used [0x00000000e0000000,0x00000000e8ec4490,0x00000000f5480000)
 Metaspace       used 94532K, capacity 100842K, committed 100992K, reserved 1136640K
  class space    used 12410K, capacity 13600K, committed 13696K, reserved 1048576K
Event: 767.379 GC heap after
Heap after GC invocations=40 (full 4):
 PSYoungGen      total 127488K, used 8285K [0x00000000f5580000, 0x00000000ffb00000, 0x0000000100000000)
  eden space 87552K, 0% used [0x00000000f5580000,0x00000000f5580000,0x00000000fab00000)
  from space 39936K, 20% used [0x00000000fd400000,0x00000000fdc17680,0x00000000ffb00000)
  to   space 40960K, 0% used [0x00000000fab00000,0x00000000fab00000,0x00000000fd300000)
 ParOldGen       total 348672K, used 147087K [0x00000000e0000000, 0x00000000f5480000, 0x00000000f5580000)
  object space 348672K, 42% used [0x00000000e0000000,0x00000000e8fa3e00,0x00000000f5480000)
 Metaspace       used 94532K, capacity 100842K, committed 100992K, reserved 1136640K
  class space    used 12410K, capacity 13600K, committed 13696K, reserved 1048576K
}
Event: 768.157 GC heap before
{Heap before GC invocations=41 (full 4):
 PSYoungGen      total 127488K, used 95837K [0x00000000f5580000, 0x00000000ffb00000, 0x0000000100000000)
  eden space 87552K, 100% used [0x00000000f5580000,0x00000000fab00000,0x00000000fab00000)
  from space 39936K, 20% used [0x00000000fd400000,0x00000000fdc17680,0x00000000ffb00000)
  to   space 40960K, 0% used [0x00000000fab00000,0x00000000fab00000,0x00000000fd300000)
 ParOldGen       total 348672K, used 147087K [0x00000000e0000000, 0x00000000f5480000, 0x00000000f5580000)
  object space 348672K, 42% used [0x00000000e0000000,0x00000000e8fa3e00,0x00000000f5480000)
 Metaspace       used 94594K, capacity 100966K, committed 101248K, reserved 1136640K
  class space    used 12416K, capacity 13610K, committed 13696K, reserved 1048576K
Event: 768.187 GC heap after
Heap after GC invocations=41 (full 4):
 PSYoungGen      total 128512K, used 13984K [0x00000000f5580000, 0x00000000ffc00000, 0x0000000100000000)
  eden space 87552K, 0% used [0x00000000f5580000,0x00000000f5580000,0x00000000fab00000)
  from space 40960K, 34% used [0x00000000fab00000,0x00000000fb8a8030,0x00000000fd300000)
  to   space 38400K, 0% used [0x00000000fd680000,0x00000000fd680000,0x00000000ffc00000)
 ParOldGen       total 348672K, used 154766K [0x00000000e0000000, 0x00000000f5480000, 0x00000000f5580000)
  object space 348672K, 44% used [0x00000000e0000000,0x00000000e9723ae8,0x00000000f5480000)
 Metaspace       used 94594K, capacity 100966K, committed 101248K, reserved 1136640K
  class space    used 12416K, capacity 13610K, committed 13696K, reserved 1048576K
}
Event: 769.337 GC heap before
{Heap before GC invocations=42 (full 4):
 PSYoungGen      total 128512K, used 101536K [0x00000000f5580000, 0x00000000ffc00000, 0x0000000100000000)
  eden space 87552K, 100% used [0x00000000f5580000,0x00000000fab00000,0x00000000fab00000)
  from space 40960K, 34% used [0x00000000fab00000,0x00000000fb8a8030,0x00000000fd300000)
  to   space 38400K, 0% used [0x00000000fd680000,0x00000000fd680000,0x00000000ffc00000)
 ParOldGen       total 348672K, used 154766K [0x00000000e0000000, 0x00000000f5480000, 0x00000000f5580000)
  object space 348672K, 44% used [0x00000000e0000000,0x00000000e9723ae8,0x00000000f5480000)
 Metaspace       used 94605K, capacity 100970K, committed 101248K, reserved 1136640K
  class space    used 12417K, capacity 13610K, committed 13696K, reserved 1048576K
Event: 769.382 GC heap after
Heap after GC invocations=42 (full 4):
 PSYoungGen      total 132608K, used 2208K [0x00000000f5580000, 0x00000000ffc80000, 0x0000000100000000)
  eden space 94208K, 0% used [0x00000000f5580000,0x00000000f5580000,0x00000000fb180000)
  from space 38400K, 5% used [0x00000000fd680000,0x00000000fd8a8020,0x00000000ffc00000)
  to   space 37888K, 0% used [0x00000000fb180000,0x00000000fb180000,0x00000000fd680000)
 ParOldGen       total 348672K, used 167942K [0x00000000e0000000, 0x00000000f5480000, 0x00000000f5580000)
  object space 348672K, 48% used [0x00000000e0000000,0x00000000ea401a40,0x00000000f5480000)
 Metaspace       used 94605K, capacity 100970K, committed 101248K, reserved 1136640K
  class space    used 12417K, capacity 13610K, committed 13696K, reserved 1048576K
}
Event: 942.396 GC heap before
{Heap before GC invocations=43 (full 4):
 PSYoungGen      total 132608K, used 96416K [0x00000000f5580000, 0x00000000ffc80000, 0x0000000100000000)
  eden space 94208K, 100% used [0x00000000f5580000,0x00000000fb180000,0x00000000fb180000)
  from space 38400K, 5% used [0x00000000fd680000,0x00000000fd8a8020,0x00000000ffc00000)
  to   space 37888K, 0% used [0x00000000fb180000,0x00000000fb180000,0x00000000fd680000)
 ParOldGen       total 348672K, used 167942K [0x00000000e0000000, 0x00000000f5480000, 0x00000000f5580000)
  object space 348672K, 48% used [0x00000000e0000000,0x00000000ea401a40,0x00000000f5480000)
 Metaspace       used 94756K, capacity 101106K, committed 101248K, reserved 1136640K
  class space    used 12417K, capacity 13610K, committed 13696K, reserved 1048576K
Event: 942.428 GC heap after
Heap after GC invocations=43 (full 4):
 PSYoungGen      total 132096K, used 13364K [0x00000000f5580000, 0x00000000ffb80000, 0x0000000100000000)
  eden space 94208K, 0% used [0x00000000f5580000,0x00000000f5580000,0x00000000fb180000)
  from space 37888K, 35% used [0x00000000fb180000,0x00000000fbe8d148,0x00000000fd680000)
  to   space 35840K, 0% used [0x00000000fd880000,0x00000000fd880000,0x00000000ffb80000)
 ParOldGen       total 348672K, used 169149K [0x00000000e0000000, 0x00000000f5480000, 0x00000000f5580000)
  object space 348672K, 48% used [0x00000000e0000000,0x00000000ea52f4b8,0x00000000f5480000)
 Metaspace       used 94756K, capacity 101106K, committed 101248K, reserved 1136640K
  class space    used 12417K, capacity 13610K, committed 13696K, reserved 1048576K
}

