# JRE version: Java(TM) SE Runtime Environment (8.0_241-b07) (build 1.8.0_241-b07)
# Java VM: Java HotSpot(TM) 64-Bit Server VM (25.241-b07 mixed mode windows-amd64 compressed oops)
Heap:
 PSYoungGen      total 142336K, used 46332K [0x00000000f5580000, 0x00000000ff780000, 0x0000000100000000)
  eden space 126976K, 24% used [0x00000000f5580000,0x00000000f73c23d0,0x00000000fd180000)
  from space 15360K, 99% used [0x00000000fe280000,0x00000000ff17ce28,0x00000000ff180000)
  to   space 17408K, 0% used [0x00000000fd180000,0x00000000fd180000,0x00000000fe280000)
 ParOldGen       total 190464K, used 18415K [0x00000000e0000000, 0x00000000eba00000, 0x00000000f5580000)
  object space 190464K, 9% used [0x00000000e0000000,0x00000000e11fbe90,0x00000000eba00000)
 Metaspace       used 50863K, capacity 52652K, committed 52864K, reserved 1095680K
  class space    used 7054K, capacity 7525K, committed 7552K, reserved 1048576K
GC Heap History (10 events):
Event: 10.255 GC heap before
{Heap before GC invocations=6 (full 1):
 PSYoungGen      total 76288K, used 73365K [0x00000000f5580000, 0x00000000fbf80000, 0x0000000100000000)
  eden space 65536K, 100% used [0x00000000f5580000,0x00000000f9580000,0x00000000f9580000)
  from space 10752K, 72% used [0x00000000fa000000,0x00000000fa7a5720,0x00000000faa80000)
  to   space 10752K, 0% used [0x00000000f9580000,0x00000000f9580000,0x00000000fa000000)
 ParOldGen       total 175104K, used 12208K [0x00000000e0000000, 0x00000000eab00000, 0x00000000f5580000)
  object space 175104K, 6% used [0x00000000e0000000,0x00000000e0bec320,0x00000000eab00000)
 Metaspace       used 31187K, capacity 31902K, committed 32256K, reserved 1077248K
  class space    used 4356K, capacity 4588K, committed 4608K, reserved 1048576K
Event: 10.275 GC heap after
Heap after GC invocations=6 (full 1):
 PSYoungGen      total 76288K, used 10056K [0x00000000f5580000, 0x00000000fcb80000, 0x0000000100000000)
  eden space 65536K, 0% used [0x00000000f5580000,0x00000000f5580000,0x00000000f9580000)
  from space 10752K, 93% used [0x00000000f9580000,0x00000000f9f521b0,0x00000000fa000000)
  to   space 13824K, 0% used [0x00000000fbe00000,0x00000000fbe00000,0x00000000fcb80000)
 ParOldGen       total 175104K, used 12216K [0x00000000e0000000, 0x00000000eab00000, 0x00000000f5580000)
  object space 175104K, 6% used [0x00000000e0000000,0x00000000e0bee320,0x00000000eab00000)
 Metaspace       used 31187K, capacity 31902K, committed 32256K, reserved 1077248K
  class space    used 4356K, capacity 4588K, committed 4608K, reserved 1048576K
}
Event: 11.316 GC heap before
{Heap before GC invocations=7 (full 1):
 PSYoungGen      total 76288K, used 70990K [0x00000000f5580000, 0x00000000fcb80000, 0x0000000100000000)
  eden space 65536K, 92% used [0x00000000f5580000,0x00000000f9101878,0x00000000f9580000)
  from space 10752K, 93% used [0x00000000f9580000,0x00000000f9f521b0,0x00000000fa000000)
  to   space 13824K, 0% used [0x00000000fbe00000,0x00000000fbe00000,0x00000000fcb80000)
 ParOldGen       total 175104K, used 12216K [0x00000000e0000000, 0x00000000eab00000, 0x00000000f5580000)
  object space 175104K, 6% used [0x00000000e0000000,0x00000000e0bee320,0x00000000eab00000)
 Metaspace       used 34565K, capacity 35456K, committed 35496K, reserved 1079296K
  class space    used 4855K, capacity 5113K, committed 5120K, reserved 1048576K
Event: 11.345 GC heap after
Heap after GC invocations=7 (full 1):
 PSYoungGen      total 106496K, used 11169K [0x00000000f5580000, 0x00000000fd200000, 0x0000000100000000)
  eden space 92672K, 0% used [0x00000000f5580000,0x00000000f5580000,0x00000000fb000000)
  from space 13824K, 80% used [0x00000000fbe00000,0x00000000fc8e8600,0x00000000fcb80000)
  to   space 14336K, 0% used [0x00000000fb000000,0x00000000fb000000,0x00000000fbe00000)
 ParOldGen       total 175104K, used 12224K [0x00000000e0000000, 0x00000000eab00000, 0x00000000f5580000)
  object space 175104K, 6% used [0x00000000e0000000,0x00000000e0bf0320,0x00000000eab00000)
 Metaspace       used 34565K, capacity 35456K, committed 35496K, reserved 1079296K
  class space    used 4855K, capacity 5113K, committed 5120K, reserved 1048576K
}
Event: 11.345 GC heap before
{Heap before GC invocations=8 (full 2):
 PSYoungGen      total 106496K, used 11169K [0x00000000f5580000, 0x00000000fd200000, 0x0000000100000000)
  eden space 92672K, 0% used [0x00000000f5580000,0x00000000f5580000,0x00000000fb000000)
  from space 13824K, 80% used [0x00000000fbe00000,0x00000000fc8e8600,0x00000000fcb80000)
  to   space 14336K, 0% used [0x00000000fb000000,0x00000000fb000000,0x00000000fbe00000)
 ParOldGen       total 175104K, used 12224K [0x00000000e0000000, 0x00000000eab00000, 0x00000000f5580000)
  object space 175104K, 6% used [0x00000000e0000000,0x00000000e0bf0320,0x00000000eab00000)
 Metaspace       used 34565K, capacity 35456K, committed 35496K, reserved 1079296K
  class space    used 4855K, capacity 5113K, committed 5120K, reserved 1048576K
Event: 11.514 GC heap after
Heap after GC invocations=8 (full 2):
 PSYoungGen      total 106496K, used 0K [0x00000000f5580000, 0x00000000fd200000, 0x0000000100000000)
  eden space 92672K, 0% used [0x00000000f5580000,0x00000000f5580000,0x00000000fb000000)
  from space 13824K, 0% used [0x00000000fbe00000,0x00000000fbe00000,0x00000000fcb80000)
  to   space 14336K, 0% used [0x00000000fb000000,0x00000000fb000000,0x00000000fbe00000)
 ParOldGen       total 190464K, used 17892K [0x00000000e0000000, 0x00000000eba00000, 0x00000000f5580000)
  object space 190464K, 9% used [0x00000000e0000000,0x00000000e11791a8,0x00000000eba00000)
 Metaspace       used 34565K, capacity 35456K, committed 35496K, reserved 1079296K
  class space    used 4855K, capacity 5113K, committed 5120K, reserved 1048576K
}
Event: 13.700 GC heap before
{Heap before GC invocations=9 (full 2):
 PSYoungGen      total 106496K, used 92672K [0x00000000f5580000, 0x00000000fd200000, 0x0000000100000000)
  eden space 92672K, 100% used [0x00000000f5580000,0x00000000fb000000,0x00000000fb000000)
  from space 13824K, 0% used [0x00000000fbe00000,0x00000000fbe00000,0x00000000fcb80000)
  to   space 14336K, 0% used [0x00000000fb000000,0x00000000fb000000,0x00000000fbe00000)
 ParOldGen       total 190464K, used 17892K [0x00000000e0000000, 0x00000000eba00000, 0x00000000f5580000)
  object space 190464K, 9% used [0x00000000e0000000,0x00000000e11791a8,0x00000000eba00000)
 Metaspace       used 43308K, capacity 44528K, committed 44800K, reserved 1087488K
  class space    used 5989K, capacity 6361K, committed 6400K, reserved 1048576K
Event: 13.723 GC heap after
Heap after GC invocations=9 (full 2):
 PSYoungGen      total 107008K, used 13376K [0x00000000f5580000, 0x00000000ff180000, 0x0000000100000000)
  eden space 92672K, 0% used [0x00000000f5580000,0x00000000f5580000,0x00000000fb000000)
  from space 14336K, 93% used [0x00000000fb000000,0x00000000fbd10098,0x00000000fbe00000)
  to   space 15360K, 0% used [0x00000000fe280000,0x00000000fe280000,0x00000000ff180000)
 ParOldGen       total 190464K, used 17900K [0x00000000e0000000, 0x00000000eba00000, 0x00000000f5580000)
  object space 190464K, 9% used [0x00000000e0000000,0x00000000e117b1a8,0x00000000eba00000)
 Metaspace       used 43308K, capacity 44528K, committed 44800K, reserved 1087488K
  class space    used 5989K, capacity 6361K, committed 6400K, reserved 1048576K
}
Event: 15.198 GC heap before
{Heap before GC invocations=10 (full 2):
 PSYoungGen      total 107008K, used 106048K [0x00000000f5580000, 0x00000000ff180000, 0x0000000100000000)
  eden space 92672K, 100% used [0x00000000f5580000,0x00000000fb000000,0x00000000fb000000)
  from space 14336K, 93% used [0x00000000fb000000,0x00000000fbd10098,0x00000000fbe00000)
  to   space 15360K, 0% used [0x00000000fe280000,0x00000000fe280000,0x00000000ff180000)
 ParOldGen       total 190464K, used 17900K [0x00000000e0000000, 0x00000000eba00000, 0x00000000f5580000)
  object space 190464K, 9% used [0x00000000e0000000,0x00000000e117b1a8,0x00000000eba00000)
 Metaspace       used 47805K, capacity 49356K, committed 49536K, reserved 1091584K
  class space    used 6615K, capacity 7032K, committed 7040K, reserved 1048576K
Event: 15.225 GC heap after
Heap after GC invocations=10 (full 2):
 PSYoungGen      total 142336K, used 15347K [0x00000000f5580000, 0x00000000ff780000, 0x0000000100000000)
  eden space 126976K, 0% used [0x00000000f5580000,0x00000000f5580000,0x00000000fd180000)
  from space 15360K, 99% used [0x00000000fe280000,0x00000000ff17ce28,0x00000000ff180000)
  to   space 17408K, 0% used [0x00000000fd180000,0x00000000fd180000,0x00000000fe280000)
 ParOldGen       total 190464K, used 18415K [0x00000000e0000000, 0x00000000eba00000, 0x00000000f5580000)
  object space 190464K, 9% used [0x00000000e0000000,0x00000000e11fbe90,0x00000000eba00000)
 Metaspace       used 47805K, capacity 49356K, committed 49536K, reserved 1091584K
  class space    used 6615K, capacity 7032K, committed 7040K, reserved 1048576K
}

