# JRE version: Java(TM) SE Runtime Environment (8.0_241-b07) (build 1.8.0_241-b07)
# Java VM: Java HotSpot(TM) 64-Bit Server VM (25.241-b07 mixed mode windows-amd64 compressed oops)
Heap:
 PSYoungGen      total 116736K, used 88718K [0x00000000f5580000, 0x0000000100000000, 0x0000000100000000)
  eden space 58880K, 91% used [0x00000000f5580000,0x00000000f8a2a148,0x00000000f8f00000)
  from space 57856K, 60% used [0x00000000f8f00000,0x00000000fb0f98e8,0x00000000fc780000)
  to   space 57856K, 0% used [0x00000000fc780000,0x00000000fc780000,0x0000000100000000)
 ParOldGen       total 266752K, used 106797K [0x00000000e0000000, 0x00000000f0480000, 0x00000000f5580000)
  object space 266752K, 40% used [0x00000000e0000000,0x00000000e684b400,0x00000000f0480000)
 Metaspace       used 78433K, capacity 82648K, committed 82816K, reserved 1120256K
  class space    used 10894K, capacity 11819K, committed 11904K, reserved 1048576K
GC Heap History (10 events):
Event: 35.663 GC heap before
{Heap before GC invocations=16 (full 3):
 PSYoungGen      total 130560K, used 130546K [0x00000000f5580000, 0x0000000100000000, 0x0000000100000000)
  eden space 107008K, 100% used [0x00000000f5580000,0x00000000fbe00000,0x00000000fbe00000)
  from space 23552K, 99% used [0x00000000fe900000,0x00000000ffffc8f0,0x0000000100000000)
  to   space 33792K, 0% used [0x00000000fbe00000,0x00000000fbe00000,0x00000000fdf00000)
 ParOldGen       total 266752K, used 58422K [0x00000000e0000000, 0x00000000f0480000, 0x00000000f5580000)
  object space 266752K, 21% used [0x00000000e0000000,0x00000000e390d950,0x00000000f0480000)
 Metaspace       used 70874K, capacity 74460K, committed 74752K, reserved 1114112K
  class space    used 9817K, capacity 10649K, committed 10752K, reserved 1048576K
Event: 35.699 GC heap after
Heap after GC invocations=16 (full 3):
 PSYoungGen      total 138240K, used 31164K [0x00000000f5580000, 0x0000000100000000, 0x0000000100000000)
  eden space 107008K, 0% used [0x00000000f5580000,0x00000000f5580000,0x00000000fbe00000)
  from space 31232K, 99% used [0x00000000fbe00000,0x00000000fdc6f150,0x00000000fdc80000)
  to   space 36352K, 0% used [0x00000000fdc80000,0x00000000fdc80000,0x0000000100000000)
 ParOldGen       total 266752K, used 58430K [0x00000000e0000000, 0x00000000f0480000, 0x00000000f5580000)
  object space 266752K, 21% used [0x00000000e0000000,0x00000000e390f950,0x00000000f0480000)
 Metaspace       used 70874K, capacity 74460K, committed 74752K, reserved 1114112K
  class space    used 9817K, capacity 10649K, committed 10752K, reserved 1048576K
}
Event: 36.557 GC heap before
{Heap before GC invocations=17 (full 3):
 PSYoungGen      total 138240K, used 138172K [0x00000000f5580000, 0x0000000100000000, 0x0000000100000000)
  eden space 107008K, 100% used [0x00000000f5580000,0x00000000fbe00000,0x00000000fbe00000)
  from space 31232K, 99% used [0x00000000fbe00000,0x00000000fdc6f150,0x00000000fdc80000)
  to   space 36352K, 0% used [0x00000000fdc80000,0x00000000fdc80000,0x0000000100000000)
 ParOldGen       total 266752K, used 58438K [0x00000000e0000000, 0x00000000f0480000, 0x00000000f5580000)
  object space 266752K, 21% used [0x00000000e0000000,0x00000000e3911960,0x00000000f0480000)
 Metaspace       used 71856K, capacity 75532K, committed 75648K, reserved 1114112K
  class space    used 9969K, capacity 10809K, committed 10880K, reserved 1048576K
Event: 36.601 GC heap after
Heap after GC invocations=17 (full 3):
 PSYoungGen      total 119808K, used 36351K [0x00000000f5580000, 0x0000000100000000, 0x0000000100000000)
  eden space 83456K, 0% used [0x00000000f5580000,0x00000000f5580000,0x00000000fa700000)
  from space 36352K, 99% used [0x00000000fdc80000,0x00000000fffffca8,0x0000000100000000)
  to   space 45568K, 0% used [0x00000000fa700000,0x00000000fa700000,0x00000000fd380000)
 ParOldGen       total 266752K, used 66377K [0x00000000e0000000, 0x00000000f0480000, 0x00000000f5580000)
  object space 266752K, 24% used [0x00000000e0000000,0x00000000e40d27b8,0x00000000f0480000)
 Metaspace       used 71856K, capacity 75532K, committed 75648K, reserved 1114112K
  class space    used 9969K, capacity 10809K, committed 10880K, reserved 1048576K
}
Event: 37.016 GC heap before
{Heap before GC invocations=18 (full 3):
 PSYoungGen      total 119808K, used 119807K [0x00000000f5580000, 0x0000000100000000, 0x0000000100000000)
  eden space 83456K, 100% used [0x00000000f5580000,0x00000000fa700000,0x00000000fa700000)
  from space 36352K, 99% used [0x00000000fdc80000,0x00000000fffffca8,0x0000000100000000)
  to   space 45568K, 0% used [0x00000000fa700000,0x00000000fa700000,0x00000000fd380000)
 ParOldGen       total 266752K, used 66380K [0x00000000e0000000, 0x00000000f0480000, 0x00000000f5580000)
  object space 266752K, 24% used [0x00000000e0000000,0x00000000e40d33e8,0x00000000f0480000)
 Metaspace       used 73473K, capacity 77278K, committed 77440K, reserved 1116160K
  class space    used 10172K, capacity 11024K, committed 11136K, reserved 1048576K
Event: 37.076 GC heap after
Heap after GC invocations=18 (full 3):
 PSYoungGen      total 129024K, used 45538K [0x00000000f5580000, 0x0000000100000000, 0x0000000100000000)
  eden space 83456K, 0% used [0x00000000f5580000,0x00000000f5580000,0x00000000fa700000)
  from space 45568K, 99% used [0x00000000fa700000,0x00000000fd378b48,0x00000000fd380000)
  to   space 45568K, 0% used [0x00000000fd380000,0x00000000fd380000,0x0000000100000000)
 ParOldGen       total 266752K, used 77871K [0x00000000e0000000, 0x00000000f0480000, 0x00000000f5580000)
  object space 266752K, 29% used [0x00000000e0000000,0x00000000e4c0be08,0x00000000f0480000)
 Metaspace       used 73473K, capacity 77278K, committed 77440K, reserved 1116160K
  class space    used 10172K, capacity 11024K, committed 11136K, reserved 1048576K
}
Event: 37.967 GC heap before
{Heap before GC invocations=19 (full 3):
 PSYoungGen      total 129024K, used 128994K [0x00000000f5580000, 0x0000000100000000, 0x0000000100000000)
  eden space 83456K, 100% used [0x00000000f5580000,0x00000000fa700000,0x00000000fa700000)
  from space 45568K, 99% used [0x00000000fa700000,0x00000000fd378b48,0x00000000fd380000)
  to   space 45568K, 0% used [0x00000000fd380000,0x00000000fd380000,0x0000000100000000)
 ParOldGen       total 266752K, used 77871K [0x00000000e0000000, 0x00000000f0480000, 0x00000000f5580000)
  object space 266752K, 29% used [0x00000000e0000000,0x00000000e4c0be08,0x00000000f0480000)
 Metaspace       used 77464K, capacity 81594K, committed 81792K, reserved 1120256K
  class space    used 10832K, capacity 11778K, committed 11904K, reserved 1048576K
Event: 38.048 GC heap after
Heap after GC invocations=19 (full 3):
 PSYoungGen      total 104448K, used 45551K [0x00000000f5580000, 0x0000000100000000, 0x0000000100000000)
  eden space 58880K, 0% used [0x00000000f5580000,0x00000000f5580000,0x00000000f8f00000)
  from space 45568K, 99% used [0x00000000fd380000,0x00000000ffffbd88,0x0000000100000000)
  to   space 57856K, 0% used [0x00000000f8f00000,0x00000000f8f00000,0x00000000fc780000)
 ParOldGen       total 266752K, used 94045K [0x00000000e0000000, 0x00000000f0480000, 0x00000000f5580000)
  object space 266752K, 35% used [0x00000000e0000000,0x00000000e5bd7710,0x00000000f0480000)
 Metaspace       used 77464K, capacity 81594K, committed 81792K, reserved 1120256K
  class space    used 10832K, capacity 11778K, committed 11904K, reserved 1048576K
}
Event: 38.912 GC heap before
{Heap before GC invocations=20 (full 3):
 PSYoungGen      total 104448K, used 104431K [0x00000000f5580000, 0x0000000100000000, 0x0000000100000000)
  eden space 58880K, 100% used [0x00000000f5580000,0x00000000f8f00000,0x00000000f8f00000)
  from space 45568K, 99% used [0x00000000fd380000,0x00000000ffffbd88,0x0000000100000000)
  to   space 57856K, 0% used [0x00000000f8f00000,0x00000000f8f00000,0x00000000fc780000)
 ParOldGen       total 266752K, used 94045K [0x00000000e0000000, 0x00000000f0480000, 0x00000000f5580000)
  object space 266752K, 35% used [0x00000000e0000000,0x00000000e5bd7710,0x00000000f0480000)
 Metaspace       used 78211K, capacity 82438K, committed 82560K, reserved 1120256K
  class space    used 10879K, capacity 11818K, committed 11904K, reserved 1048576K
Event: 38.953 GC heap after
Heap after GC invocations=20 (full 3):
 PSYoungGen      total 116736K, used 34790K [0x00000000f5580000, 0x0000000100000000, 0x0000000100000000)
  eden space 58880K, 0% used [0x00000000f5580000,0x00000000f5580000,0x00000000f8f00000)
  from space 57856K, 60% used [0x00000000f8f00000,0x00000000fb0f98e8,0x00000000fc780000)
  to   space 57856K, 0% used [0x00000000fc780000,0x00000000fc780000,0x0000000100000000)
 ParOldGen       total 266752K, used 106797K [0x00000000e0000000, 0x00000000f0480000, 0x00000000f5580000)
  object space 266752K, 40% used [0x00000000e0000000,0x00000000e684b400,0x00000000f0480000)
 Metaspace       used 78211K, capacity 82438K, committed 82560K, reserved 1120256K
  class space    used 10879K, capacity 11818K, committed 11904K, reserved 1048576K
}

