# JRE version: Java(TM) SE Runtime Environment (8.0_241-b07) (build 1.8.0_241-b07)
# Java VM: Java HotSpot(TM) 64-Bit Server VM (25.241-b07 mixed mode windows-amd64 compressed oops)
Heap:
 PSYoungGen      total 151040K, used 94366K [0x00000000f5580000, 0x0000000100000000, 0x0000000100000000)
  eden space 127488K, 55% used [0x00000000f5580000,0x00000000f9aab470,0x00000000fd200000)
  from space 23552K, 99% used [0x00000000fd200000,0x00000000fe8fc4d0,0x00000000fe900000)
  to   space 23552K, 0% used [0x00000000fe900000,0x00000000fe900000,0x0000000100000000)
 ParOldGen       total 240128K, used 45644K [0x00000000e0000000, 0x00000000eea80000, 0x00000000f5580000)
  object space 240128K, 19% used [0x00000000e0000000,0x00000000e2c93208,0x00000000eea80000)
 Metaspace       used 66254K, capacity 69506K, committed 69760K, reserved 1110016K
  class space    used 9255K, capacity 10006K, committed 10112K, reserved 1048576K
GC Heap History (10 events):
Event: 47.561 GC heap before
{Heap before GC invocations=10 (full 2):
 PSYoungGen      total 108544K, used 106337K [0x00000000f5580000, 0x0000000100000000, 0x0000000100000000)
  eden space 94208K, 100% used [0x00000000f5580000,0x00000000fb180000,0x00000000fb180000)
  from space 14336K, 84% used [0x00000000fb180000,0x00000000fbd586e0,0x00000000fbf80000)
  to   space 14848K, 0% used [0x00000000ff180000,0x00000000ff180000,0x0000000100000000)
 ParOldGen       total 175104K, used 17841K [0x00000000e0000000, 0x00000000eab00000, 0x00000000f5580000)
  object space 175104K, 10% used [0x00000000e0000000,0x00000000e116c688,0x00000000eab00000)
 Metaspace       used 47783K, capacity 49306K, committed 49536K, reserved 1091584K
  class space    used 6605K, capacity 7024K, committed 7040K, reserved 1048576K
Event: 47.586 GC heap after
Heap after GC invocations=10 (full 2):
 PSYoungGen      total 155648K, used 14846K [0x00000000f5580000, 0x0000000100000000, 0x0000000100000000)
  eden space 140800K, 0% used [0x00000000f5580000,0x00000000f5580000,0x00000000fdf00000)
  from space 14848K, 99% used [0x00000000ff180000,0x00000000fffff910,0x0000000100000000)
  to   space 16896K, 0% used [0x00000000fdf00000,0x00000000fdf00000,0x00000000fef80000)
 ParOldGen       total 175104K, used 18935K [0x00000000e0000000, 0x00000000eab00000, 0x00000000f5580000)
  object space 175104K, 10% used [0x00000000e0000000,0x00000000e127de80,0x00000000eab00000)
 Metaspace       used 47783K, capacity 49306K, committed 49536K, reserved 1091584K
  class space    used 6605K, capacity 7024K, committed 7040K, reserved 1048576K
}
Event: 51.078 GC heap before
{Heap before GC invocations=11 (full 2):
 PSYoungGen      total 155648K, used 152173K [0x00000000f5580000, 0x0000000100000000, 0x0000000100000000)
  eden space 140800K, 97% used [0x00000000f5580000,0x00000000fdb9bd78,0x00000000fdf00000)
  from space 14848K, 99% used [0x00000000ff180000,0x00000000fffff910,0x0000000100000000)
  to   space 16896K, 0% used [0x00000000fdf00000,0x00000000fdf00000,0x00000000fef80000)
 ParOldGen       total 175104K, used 18935K [0x00000000e0000000, 0x00000000eab00000, 0x00000000f5580000)
  object space 175104K, 10% used [0x00000000e0000000,0x00000000e127de80,0x00000000eab00000)
 Metaspace       used 56787K, capacity 59088K, committed 59160K, reserved 1099776K
  class space    used 7926K, capacity 8534K, committed 8576K, reserved 1048576K
Event: 51.141 GC heap after
Heap after GC invocations=11 (full 2):
 PSYoungGen      total 157696K, used 16866K [0x00000000f5580000, 0x0000000100000000, 0x0000000100000000)
  eden space 140800K, 0% used [0x00000000f5580000,0x00000000f5580000,0x00000000fdf00000)
  from space 16896K, 99% used [0x00000000fdf00000,0x00000000fef78a78,0x00000000fef80000)
  to   space 16896K, 0% used [0x00000000fef80000,0x00000000fef80000,0x0000000100000000)
 ParOldGen       total 175104K, used 30568K [0x00000000e0000000, 0x00000000eab00000, 0x00000000f5580000)
  object space 175104K, 17% used [0x00000000e0000000,0x00000000e1dda3a8,0x00000000eab00000)
 Metaspace       used 56787K, capacity 59088K, committed 59160K, reserved 1099776K
  class space    used 7926K, capacity 8534K, committed 8576K, reserved 1048576K
}
Event: 51.141 GC heap before
{Heap before GC invocations=12 (full 3):
 PSYoungGen      total 157696K, used 16866K [0x00000000f5580000, 0x0000000100000000, 0x0000000100000000)
  eden space 140800K, 0% used [0x00000000f5580000,0x00000000f5580000,0x00000000fdf00000)
  from space 16896K, 99% used [0x00000000fdf00000,0x00000000fef78a78,0x00000000fef80000)
  to   space 16896K, 0% used [0x00000000fef80000,0x00000000fef80000,0x0000000100000000)
 ParOldGen       total 175104K, used 30568K [0x00000000e0000000, 0x00000000eab00000, 0x00000000f5580000)
  object space 175104K, 17% used [0x00000000e0000000,0x00000000e1dda3a8,0x00000000eab00000)
 Metaspace       used 56787K, capacity 59088K, committed 59160K, reserved 1099776K
  class space    used 7926K, capacity 8534K, committed 8576K, reserved 1048576K
Event: 51.521 GC heap after
Heap after GC invocations=12 (full 3):
 PSYoungGen      total 157696K, used 0K [0x00000000f5580000, 0x0000000100000000, 0x0000000100000000)
  eden space 140800K, 0% used [0x00000000f5580000,0x00000000f5580000,0x00000000fdf00000)
  from space 16896K, 0% used [0x00000000fdf00000,0x00000000fdf00000,0x00000000fef80000)
  to   space 16896K, 0% used [0x00000000fef80000,0x00000000fef80000,0x0000000100000000)
 ParOldGen       total 240128K, used 42781K [0x00000000e0000000, 0x00000000eea80000, 0x00000000f5580000)
  object space 240128K, 17% used [0x00000000e0000000,0x00000000e29c77f8,0x00000000eea80000)
 Metaspace       used 56784K, capacity 59076K, committed 59160K, reserved 1099776K
  class space    used 7925K, capacity 8532K, committed 8576K, reserved 1048576K
}
Event: 53.611 GC heap before
{Heap before GC invocations=13 (full 3):
 PSYoungGen      total 157696K, used 140800K [0x00000000f5580000, 0x0000000100000000, 0x0000000100000000)
  eden space 140800K, 100% used [0x00000000f5580000,0x00000000fdf00000,0x00000000fdf00000)
  from space 16896K, 0% used [0x00000000fdf00000,0x00000000fdf00000,0x00000000fef80000)
  to   space 16896K, 0% used [0x00000000fef80000,0x00000000fef80000,0x0000000100000000)
 ParOldGen       total 240128K, used 42781K [0x00000000e0000000, 0x00000000eea80000, 0x00000000f5580000)
  object space 240128K, 17% used [0x00000000e0000000,0x00000000e29c77f8,0x00000000eea80000)
 Metaspace       used 62474K, capacity 65158K, committed 65280K, reserved 1105920K
  class space    used 8770K, capacity 9410K, committed 9472K, reserved 1048576K
Event: 53.644 GC heap after
Heap after GC invocations=13 (full 3):
 PSYoungGen      total 144384K, used 14848K [0x00000000f5580000, 0x0000000100000000, 0x0000000100000000)
  eden space 127488K, 0% used [0x00000000f5580000,0x00000000f5580000,0x00000000fd200000)
  from space 16896K, 87% used [0x00000000fef80000,0x00000000ffe00038,0x0000000100000000)
  to   space 23552K, 0% used [0x00000000fd200000,0x00000000fd200000,0x00000000fe900000)
 ParOldGen       total 240128K, used 42781K [0x00000000e0000000, 0x00000000eea80000, 0x00000000f5580000)
  object space 240128K, 17% used [0x00000000e0000000,0x00000000e29c77f8,0x00000000eea80000)
 Metaspace       used 62474K, capacity 65158K, committed 65280K, reserved 1105920K
  class space    used 8770K, capacity 9410K, committed 9472K, reserved 1048576K
}
Event: 56.294 GC heap before
{Heap before GC invocations=14 (full 3):
 PSYoungGen      total 144384K, used 142336K [0x00000000f5580000, 0x0000000100000000, 0x0000000100000000)
  eden space 127488K, 100% used [0x00000000f5580000,0x00000000fd200000,0x00000000fd200000)
  from space 16896K, 87% used [0x00000000fef80000,0x00000000ffe00038,0x0000000100000000)
  to   space 23552K, 0% used [0x00000000fd200000,0x00000000fd200000,0x00000000fe900000)
 ParOldGen       total 240128K, used 42781K [0x00000000e0000000, 0x00000000eea80000, 0x00000000f5580000)
  object space 240128K, 17% used [0x00000000e0000000,0x00000000e29c77f8,0x00000000eea80000)
 Metaspace       used 65288K, capacity 68498K, committed 68608K, reserved 1107968K
  class space    used 9125K, capacity 9892K, committed 9984K, reserved 1048576K
Event: 56.343 GC heap after
Heap after GC invocations=14 (full 3):
 PSYoungGen      total 151040K, used 23537K [0x00000000f5580000, 0x0000000100000000, 0x0000000100000000)
  eden space 127488K, 0% used [0x00000000f5580000,0x00000000f5580000,0x00000000fd200000)
  from space 23552K, 99% used [0x00000000fd200000,0x00000000fe8fc4d0,0x00000000fe900000)
  to   space 23552K, 0% used [0x00000000fe900000,0x00000000fe900000,0x0000000100000000)
 ParOldGen       total 240128K, used 45644K [0x00000000e0000000, 0x00000000eea80000, 0x00000000f5580000)
  object space 240128K, 19% used [0x00000000e0000000,0x00000000e2c93208,0x00000000eea80000)
 Metaspace       used 65288K, capacity 68498K, committed 68608K, reserved 1107968K
  class space    used 9125K, capacity 9892K, committed 9984K, reserved 1048576K
}

