# JRE version: Java(TM) SE Runtime Environment (8.0_241-b07) (build 1.8.0_241-b07)
# Java VM: Java HotSpot(TM) 64-Bit Server VM (25.241-b07 mixed mode windows-amd64 compressed oops)
Heap:
 PSYoungGen      total 122368K, used 44343K [0x00000000f5580000, 0x00000000ffc00000, 0x0000000100000000)
  eden space 76288K, 54% used [0x00000000f5580000,0x00000000f7e79400,0x00000000fa000000)
  from space 46080K, 5% used [0x00000000fa000000,0x00000000fa254958,0x00000000fcd00000)
  to   space 44544K, 0% used [0x00000000fd080000,0x00000000fd080000,0x00000000ffc00000)
 ParOldGen       total 349696K, used 158321K [0x00000000e0000000, 0x00000000f5580000, 0x00000000f5580000)
  object space 349696K, 45% used [0x00000000e0000000,0x00000000e9a9c6f0,0x00000000f5580000)
 Metaspace       used 94993K, capacity 100123K, committed 100644K, reserved 1136640K
  class space    used 12400K, capacity 13445K, committed 13644K, reserved 1048576K
GC Heap History (10 events):
Event: 142.499 GC heap before
{Heap before GC invocations=37 (full 4):
 PSYoungGen      total 116736K, used 70486K [0x00000000f5580000, 0x0000000100000000, 0x0000000100000000)
  eden space 60928K, 100% used [0x00000000f5580000,0x00000000f9100000,0x00000000f9100000)
  from space 55808K, 17% used [0x00000000fc580000,0x00000000fced5900,0x00000000ffc00000)
  to   space 53760K, 0% used [0x00000000f9100000,0x00000000f9100000,0x00000000fc580000)
 ParOldGen       total 349696K, used 122183K [0x00000000e0000000, 0x00000000f5580000, 0x00000000f5580000)
  object space 349696K, 34% used [0x00000000e0000000,0x00000000e7751df8,0x00000000f5580000)
 Metaspace       used 94781K, capacity 99943K, committed 100388K, reserved 1136640K
  class space    used 12377K, capacity 13411K, committed 13644K, reserved 1048576K
Event: 142.556 GC heap after
Heap after GC invocations=37 (full 4):
 PSYoungGen      total 114688K, used 12736K [0x00000000f5580000, 0x00000000ff800000, 0x0000000100000000)
  eden space 60928K, 0% used [0x00000000f5580000,0x00000000f5580000,0x00000000f9100000)
  from space 53760K, 23% used [0x00000000f9100000,0x00000000f9d700d0,0x00000000fc580000)
  to   space 50688K, 0% used [0x00000000fc680000,0x00000000fc680000,0x00000000ff800000)
 ParOldGen       total 349696K, used 131469K [0x00000000e0000000, 0x00000000f5580000, 0x00000000f5580000)
  object space 349696K, 37% used [0x00000000e0000000,0x00000000e8063438,0x00000000f5580000)
 Metaspace       used 94781K, capacity 99943K, committed 100388K, reserved 1136640K
  class space    used 12377K, capacity 13411K, committed 13644K, reserved 1048576K
}
Event: 143.051 GC heap before
{Heap before GC invocations=38 (full 4):
 PSYoungGen      total 114688K, used 73664K [0x00000000f5580000, 0x00000000ff800000, 0x0000000100000000)
  eden space 60928K, 100% used [0x00000000f5580000,0x00000000f9100000,0x00000000f9100000)
  from space 53760K, 23% used [0x00000000f9100000,0x00000000f9d700d0,0x00000000fc580000)
  to   space 50688K, 0% used [0x00000000fc680000,0x00000000fc680000,0x00000000ff800000)
 ParOldGen       total 349696K, used 131469K [0x00000000e0000000, 0x00000000f5580000, 0x00000000f5580000)
  object space 349696K, 37% used [0x00000000e0000000,0x00000000e8063438,0x00000000f5580000)
 Metaspace       used 94810K, capacity 99943K, committed 100388K, reserved 1136640K
  class space    used 12377K, capacity 13411K, committed 13644K, reserved 1048576K
Event: 143.070 GC heap after
Heap after GC invocations=38 (full 4):
 PSYoungGen      total 117760K, used 9873K [0x00000000f5580000, 0x00000000ff900000, 0x0000000100000000)
  eden space 67072K, 0% used [0x00000000f5580000,0x00000000f5580000,0x00000000f9700000)
  from space 50688K, 19% used [0x00000000fc680000,0x00000000fd0246e0,0x00000000ff800000)
  to   space 48640K, 0% used [0x00000000f9700000,0x00000000f9700000,0x00000000fc680000)
 ParOldGen       total 349696K, used 142462K [0x00000000e0000000, 0x00000000f5580000, 0x00000000f5580000)
  object space 349696K, 40% used [0x00000000e0000000,0x00000000e8b1f9c0,0x00000000f5580000)
 Metaspace       used 94810K, capacity 99943K, committed 100388K, reserved 1136640K
  class space    used 12377K, capacity 13411K, committed 13644K, reserved 1048576K
}
Event: 143.887 GC heap before
{Heap before GC invocations=39 (full 4):
 PSYoungGen      total 117760K, used 76945K [0x00000000f5580000, 0x00000000ff900000, 0x0000000100000000)
  eden space 67072K, 100% used [0x00000000f5580000,0x00000000f9700000,0x00000000f9700000)
  from space 50688K, 19% used [0x00000000fc680000,0x00000000fd0246e0,0x00000000ff800000)
  to   space 48640K, 0% used [0x00000000f9700000,0x00000000f9700000,0x00000000fc680000)
 ParOldGen       total 349696K, used 142462K [0x00000000e0000000, 0x00000000f5580000, 0x00000000f5580000)
  object space 349696K, 40% used [0x00000000e0000000,0x00000000e8b1f9c0,0x00000000f5580000)
 Metaspace       used 94849K, capacity 100007K, committed 100644K, reserved 1136640K
  class space    used 12382K, capacity 13411K, committed 13644K, reserved 1048576K
Event: 143.977 GC heap after
Heap after GC invocations=39 (full 4):
 PSYoungGen      total 115712K, used 5833K [0x00000000f5580000, 0x00000000ffb00000, 0x0000000100000000)
  eden space 67072K, 0% used [0x00000000f5580000,0x00000000f5580000,0x00000000f9700000)
  from space 48640K, 11% used [0x00000000f9700000,0x00000000f9cb2440,0x00000000fc680000)
  to   space 47104K, 0% used [0x00000000fcd00000,0x00000000fcd00000,0x00000000ffb00000)
 ParOldGen       total 349696K, used 151562K [0x00000000e0000000, 0x00000000f5580000, 0x00000000f5580000)
  object space 349696K, 43% used [0x00000000e0000000,0x00000000e9402a60,0x00000000f5580000)
 Metaspace       used 94849K, capacity 100007K, committed 100644K, reserved 1136640K
  class space    used 12382K, capacity 13411K, committed 13644K, reserved 1048576K
}
Event: 145.108 GC heap before
{Heap before GC invocations=40 (full 4):
 PSYoungGen      total 115712K, used 72905K [0x00000000f5580000, 0x00000000ffb00000, 0x0000000100000000)
  eden space 67072K, 100% used [0x00000000f5580000,0x00000000f9700000,0x00000000f9700000)
  from space 48640K, 11% used [0x00000000f9700000,0x00000000f9cb2440,0x00000000fc680000)
  to   space 47104K, 0% used [0x00000000fcd00000,0x00000000fcd00000,0x00000000ffb00000)
 ParOldGen       total 349696K, used 151562K [0x00000000e0000000, 0x00000000f5580000, 0x00000000f5580000)
  object space 349696K, 43% used [0x00000000e0000000,0x00000000e9402a60,0x00000000f5580000)
 Metaspace       used 94893K, capacity 100047K, committed 100644K, reserved 1136640K
  class space    used 12386K, capacity 13443K, committed 13644K, reserved 1048576K
Event: 145.204 GC heap after
Heap after GC invocations=40 (full 4):
 PSYoungGen      total 123392K, used 1892K [0x00000000f5580000, 0x00000000ffc80000, 0x0000000100000000)
  eden space 76288K, 0% used [0x00000000f5580000,0x00000000f5580000,0x00000000fa000000)
  from space 47104K, 4% used [0x00000000fcd00000,0x00000000fced93f0,0x00000000ffb00000)
  to   space 46080K, 0% used [0x00000000fa000000,0x00000000fa000000,0x00000000fcd00000)
 ParOldGen       total 349696K, used 156757K [0x00000000e0000000, 0x00000000f5580000, 0x00000000f5580000)
  object space 349696K, 44% used [0x00000000e0000000,0x00000000e9915588,0x00000000f5580000)
 Metaspace       used 94893K, capacity 100047K, committed 100644K, reserved 1136640K
  class space    used 12386K, capacity 13443K, committed 13644K, reserved 1048576K
}
Event: 145.889 GC heap before
{Heap before GC invocations=41 (full 4):
 PSYoungGen      total 123392K, used 78180K [0x00000000f5580000, 0x00000000ffc80000, 0x0000000100000000)
  eden space 76288K, 100% used [0x00000000f5580000,0x00000000fa000000,0x00000000fa000000)
  from space 47104K, 4% used [0x00000000fcd00000,0x00000000fced93f0,0x00000000ffb00000)
  to   space 46080K, 0% used [0x00000000fa000000,0x00000000fa000000,0x00000000fcd00000)
 ParOldGen       total 349696K, used 156757K [0x00000000e0000000, 0x00000000f5580000, 0x00000000f5580000)
  object space 349696K, 44% used [0x00000000e0000000,0x00000000e9915588,0x00000000f5580000)
 Metaspace       used 94917K, capacity 100111K, committed 100644K, reserved 1136640K
  class space    used 12386K, capacity 13443K, committed 13644K, reserved 1048576K
Event: 145.927 GC heap after
Heap after GC invocations=41 (full 4):
 PSYoungGen      total 122368K, used 2386K [0x00000000f5580000, 0x00000000ffc00000, 0x0000000100000000)
  eden space 76288K, 0% used [0x00000000f5580000,0x00000000f5580000,0x00000000fa000000)
  from space 46080K, 5% used [0x00000000fa000000,0x00000000fa254958,0x00000000fcd00000)
  to   space 44544K, 0% used [0x00000000fd080000,0x00000000fd080000,0x00000000ffc00000)
 ParOldGen       total 349696K, used 158321K [0x00000000e0000000, 0x00000000f5580000, 0x00000000f5580000)
  object space 349696K, 45% used [0x00000000e0000000,0x00000000e9a9c6f0,0x00000000f5580000)
 Metaspace       used 94917K, capacity 100111K, committed 100644K, reserved 1136640K
  class space    used 12386K, capacity 13443K, committed 13644K, reserved 1048576K
}

