# JRE version: Java(TM) SE Runtime Environment (8.0_241-b07) (build 1.8.0_241-b07)
# Java VM: Java HotSpot(TM) 64-Bit Server VM (25.241-b07 mixed mode windows-amd64 compressed oops)
Heap:
 PSYoungGen      total 149504K, used 26157K [0x00000000f5580000, 0x00000000ffd00000, 0x0000000100000000)
  eden space 129024K, 18% used [0x00000000f5580000,0x00000000f6c53618,0x00000000fd380000)
  from space 20480K, 13% used [0x00000000fd380000,0x00000000fd638000,0x00000000fe780000)
  to   space 19456K, 0% used [0x00000000fea00000,0x00000000fea00000,0x00000000ffd00000)
 ParOldGen       total 349696K, used 212231K [0x00000000e0000000, 0x00000000f5580000, 0x00000000f5580000)
  object space 349696K, 60% used [0x00000000e0000000,0x00000000ecf41e88,0x00000000f5580000)
 Metaspace       used 97918K, capacity 102624K, committed 102912K, reserved 1138688K
  class space    used 12759K, capacity 13773K, committed 13824K, reserved 1048576K
GC Heap History (10 events):
Event: 87.827 GC heap before
{Heap before GC invocations=69 (full 4):
 PSYoungGen      total 143872K, used 120991K [0x00000000f5580000, 0x00000000ffb00000, 0x0000000100000000)
  eden space 117248K, 100% used [0x00000000f5580000,0x00000000fc800000,0x00000000fc800000)
  from space 26624K, 14% used [0x00000000fe100000,0x00000000fe4a7fd0,0x00000000ffb00000)
  to   space 25600K, 0% used [0x00000000fc800000,0x00000000fc800000,0x00000000fe100000)
 ParOldGen       total 349696K, used 198788K [0x00000000e0000000, 0x00000000f5580000, 0x00000000f5580000)
  object space 349696K, 56% used [0x00000000e0000000,0x00000000ec2213a8,0x00000000f5580000)
 Metaspace       used 97796K, capacity 102508K, committed 102656K, reserved 1138688K
  class space    used 12736K, capacity 13737K, committed 13824K, reserved 1048576K
Event: 87.858 GC heap after
Heap after GC invocations=69 (full 4):
 PSYoungGen      total 142848K, used 1808K [0x00000000f5580000, 0x00000000ffd00000, 0x0000000100000000)
  eden space 117248K, 0% used [0x00000000f5580000,0x00000000f5580000,0x00000000fc800000)
  from space 25600K, 7% used [0x00000000fc800000,0x00000000fc9c4010,0x00000000fe100000)
  to   space 24576K, 0% used [0x00000000fe500000,0x00000000fe500000,0x00000000ffd00000)
 ParOldGen       total 349696K, used 201585K [0x00000000e0000000, 0x00000000f5580000, 0x00000000f5580000)
  object space 349696K, 57% used [0x00000000e0000000,0x00000000ec4dc4a8,0x00000000f5580000)
 Metaspace       used 97796K, capacity 102508K, committed 102656K, reserved 1138688K
  class space    used 12736K, capacity 13737K, committed 13824K, reserved 1048576K
}
Event: 88.569 GC heap before
{Heap before GC invocations=70 (full 4):
 PSYoungGen      total 142848K, used 119056K [0x00000000f5580000, 0x00000000ffd00000, 0x0000000100000000)
  eden space 117248K, 100% used [0x00000000f5580000,0x00000000fc800000,0x00000000fc800000)
  from space 25600K, 7% used [0x00000000fc800000,0x00000000fc9c4010,0x00000000fe100000)
  to   space 24576K, 0% used [0x00000000fe500000,0x00000000fe500000,0x00000000ffd00000)
 ParOldGen       total 349696K, used 201585K [0x00000000e0000000, 0x00000000f5580000, 0x00000000f5580000)
  object space 349696K, 57% used [0x00000000e0000000,0x00000000ec4dc4a8,0x00000000f5580000)
 Metaspace       used 97803K, capacity 102520K, committed 102656K, reserved 1138688K
  class space    used 12737K, capacity 13739K, committed 13824K, reserved 1048576K
Event: 88.584 GC heap after
Heap after GC invocations=70 (full 4):
 PSYoungGen      total 147456K, used 3985K [0x00000000f5580000, 0x00000000ffc00000, 0x0000000100000000)
  eden space 123904K, 0% used [0x00000000f5580000,0x00000000f5580000,0x00000000fce80000)
  from space 23552K, 16% used [0x00000000fe500000,0x00000000fe8e4708,0x00000000ffc00000)
  to   space 23040K, 0% used [0x00000000fce80000,0x00000000fce80000,0x00000000fe500000)
 ParOldGen       total 349696K, used 203270K [0x00000000e0000000, 0x00000000f5580000, 0x00000000f5580000)
  object space 349696K, 58% used [0x00000000e0000000,0x00000000ec681bf8,0x00000000f5580000)
 Metaspace       used 97803K, capacity 102520K, committed 102656K, reserved 1138688K
  class space    used 12737K, capacity 13739K, committed 13824K, reserved 1048576K
}
Event: 89.597 GC heap before
{Heap before GC invocations=71 (full 4):
 PSYoungGen      total 147456K, used 127889K [0x00000000f5580000, 0x00000000ffc00000, 0x0000000100000000)
  eden space 123904K, 100% used [0x00000000f5580000,0x00000000fce80000,0x00000000fce80000)
  from space 23552K, 16% used [0x00000000fe500000,0x00000000fe8e4708,0x00000000ffc00000)
  to   space 23040K, 0% used [0x00000000fce80000,0x00000000fce80000,0x00000000fe500000)
 ParOldGen       total 349696K, used 203270K [0x00000000e0000000, 0x00000000f5580000, 0x00000000f5580000)
  object space 349696K, 58% used [0x00000000e0000000,0x00000000ec681bf8,0x00000000f5580000)
 Metaspace       used 97811K, capacity 102520K, committed 102656K, reserved 1138688K
  class space    used 12737K, capacity 13739K, committed 13824K, reserved 1048576K
Event: 89.624 GC heap after
Heap after GC invocations=71 (full 4):
 PSYoungGen      total 146944K, used 2944K [0x00000000f5580000, 0x00000000ffc80000, 0x0000000100000000)
  eden space 123904K, 0% used [0x00000000f5580000,0x00000000f5580000,0x00000000fce80000)
  from space 23040K, 12% used [0x00000000fce80000,0x00000000fd160020,0x00000000fe500000)
  to   space 21504K, 0% used [0x00000000fe780000,0x00000000fe780000,0x00000000ffc80000)
 ParOldGen       total 349696K, used 206400K [0x00000000e0000000, 0x00000000f5580000, 0x00000000f5580000)
  object space 349696K, 59% used [0x00000000e0000000,0x00000000ec9903c0,0x00000000f5580000)
 Metaspace       used 97811K, capacity 102520K, committed 102656K, reserved 1138688K
  class space    used 12737K, capacity 13739K, committed 13824K, reserved 1048576K
}
Event: 90.422 GC heap before
{Heap before GC invocations=72 (full 4):
 PSYoungGen      total 146944K, used 126848K [0x00000000f5580000, 0x00000000ffc80000, 0x0000000100000000)
  eden space 123904K, 100% used [0x00000000f5580000,0x00000000fce80000,0x00000000fce80000)
  from space 23040K, 12% used [0x00000000fce80000,0x00000000fd160020,0x00000000fe500000)
  to   space 21504K, 0% used [0x00000000fe780000,0x00000000fe780000,0x00000000ffc80000)
 ParOldGen       total 349696K, used 206400K [0x00000000e0000000, 0x00000000f5580000, 0x00000000f5580000)
  object space 349696K, 59% used [0x00000000e0000000,0x00000000ec9903c0,0x00000000f5580000)
 Metaspace       used 97915K, capacity 102622K, committed 102912K, reserved 1138688K
  class space    used 12758K, capacity 13772K, committed 13824K, reserved 1048576K
Event: 90.451 GC heap after
Heap after GC invocations=72 (full 4):
 PSYoungGen      total 150528K, used 3484K [0x00000000f5580000, 0x00000000ffc80000, 0x0000000100000000)
  eden space 129024K, 0% used [0x00000000f5580000,0x00000000f5580000,0x00000000fd380000)
  from space 21504K, 16% used [0x00000000fe780000,0x00000000feae7038,0x00000000ffc80000)
  to   space 20480K, 0% used [0x00000000fd380000,0x00000000fd380000,0x00000000fe780000)
 ParOldGen       total 349696K, used 209119K [0x00000000e0000000, 0x00000000f5580000, 0x00000000f5580000)
  object space 349696K, 59% used [0x00000000e0000000,0x00000000ecc37fa8,0x00000000f5580000)
 Metaspace       used 97915K, capacity 102622K, committed 102912K, reserved 1138688K
  class space    used 12758K, capacity 13772K, committed 13824K, reserved 1048576K
}
Event: 91.024 GC heap before
{Heap before GC invocations=73 (full 4):
 PSYoungGen      total 150528K, used 132508K [0x00000000f5580000, 0x00000000ffc80000, 0x0000000100000000)
  eden space 129024K, 100% used [0x00000000f5580000,0x00000000fd380000,0x00000000fd380000)
  from space 21504K, 16% used [0x00000000fe780000,0x00000000feae7038,0x00000000ffc80000)
  to   space 20480K, 0% used [0x00000000fd380000,0x00000000fd380000,0x00000000fe780000)
 ParOldGen       total 349696K, used 209119K [0x00000000e0000000, 0x00000000f5580000, 0x00000000f5580000)
  object space 349696K, 59% used [0x00000000e0000000,0x00000000ecc37fa8,0x00000000f5580000)
 Metaspace       used 97917K, capacity 102622K, committed 102912K, reserved 1138688K
  class space    used 12758K, capacity 13772K, committed 13824K, reserved 1048576K
Event: 91.041 GC heap after
Heap after GC invocations=73 (full 4):
 PSYoungGen      total 149504K, used 2784K [0x00000000f5580000, 0x00000000ffd00000, 0x0000000100000000)
  eden space 129024K, 0% used [0x00000000f5580000,0x00000000f5580000,0x00000000fd380000)
  from space 20480K, 13% used [0x00000000fd380000,0x00000000fd638000,0x00000000fe780000)
  to   space 19456K, 0% used [0x00000000fea00000,0x00000000fea00000,0x00000000ffd00000)
 ParOldGen       total 349696K, used 212231K [0x00000000e0000000, 0x00000000f5580000, 0x00000000f5580000)
  object space 349696K, 60% used [0x00000000e0000000,0x00000000ecf41e88,0x00000000f5580000)
 Metaspace       used 97917K, capacity 102622K, committed 102912K, reserved 1138688K
  class space    used 12758K, capacity 13772K, committed 13824K, reserved 1048576K
}

